<?xml version="1.0" encoding="UTF-8" ?>
<testsuite tests="9" failures="0" name="Runner" time="6.401" errors="0" skipped="0">
  <properties>
[...]
</properties>
  <testcase classname="Validar cadastro com sucesso no site Register" name="que eu acesso o site Register" time="5.024"/>
  <testcase classname="Validar cadastro com sucesso no site Register" name="preencho o campo nome com valor &quot;Jamily&quot;" time="0.196"/>
  <testcase classname="Validar cadastro com sucesso no site Register" name="preencho o campo Sobrenome com valor &quot;Cruz&quot;" time="0.112"/>
  <testcase classname="Validar cadastro com sucesso no site Register" name="preencho o campo email com valor &quot;jamily1402@gmail.com&quot;" time="0.123"/>
  <testcase classname="Validar cadastro com sucesso no site Register" name="preencho o campo telefone com valor &quot;11 965421608&quot;" time="0.104"/>
  <testcase classname="Validar cadastro com sucesso no site Register" name="clico no genero FeMale" time="0.068"/>
  <testcase classname="Validar cadastro com sucesso no site Register" name="clico no Hobbies Movies" time="0.071"/>
  <testcase classname="Validar cadastro com sucesso no site Register" name="seleciono o Skill &quot;Android&quot;" time="0.109"/>
  <testcase classname="Validar cadastro com sucesso no site Register" name="Validar cadastro com sucesso no site Register" time="0.594"/>
</testsuite>